# JRE version: Java(TM) SE Runtime Environment (8.0_111-b14) (build 1.8.0_111-b14)
# Java VM: Java HotSpot(TM) 64-Bit Server VM (25.111-b14 mixed mode linux-amd64 compressed oops)
Heap:
 PSYoungGen      total 593920K, used 439238K [0x00000000d5580000, 0x0000000100000000, 0x0000000100000000)
  eden space 489984K, 82% used [0x00000000d5580000,0x00000000ee01f5e0,0x00000000f3400000)
  from space 103936K, 33% used [0x00000000f3400000,0x00000000f56523f8,0x00000000f9980000)
  to   space 102912K, 0% used [0x00000000f9b80000,0x00000000f9b80000,0x0000000100000000)
 ParOldGen       total 1398272K, used 115661K [0x0000000080000000, 0x00000000d5580000, 0x00000000d5580000)
  object space 1398272K, 8% used [0x0000000080000000,0x00000000870f37c0,0x00000000d5580000)
 Metaspace       used 131943K, capacity 134184K, committed 134424K, reserved 1167360K
  class space    used 16448K, capacity 16904K, committed 16944K, reserved 1048576K
GC Heap History (10 events):
Event: 16,613 GC heap before
{Heap before GC invocations=13 (full 3):
 PSYoungGen      total 597504K, used 550290K [0x00000000d5580000, 0x0000000100000000, 0x0000000100000000)
  eden space 496128K, 100% used [0x00000000d5580000,0x00000000f3a00000,0x00000000f3a00000)
  from space 101376K, 53% used [0x00000000f3a00000,0x00000000f6ee4b20,0x00000000f9d00000)
  to   space 96256K, 0% used [0x00000000fa200000,0x00000000fa200000,0x0000000100000000)
 ParOldGen       total 1398272K, used 88518K [0x0000000080000000, 0x00000000d5580000, 0x00000000d5580000)
  object space 1398272K, 6% used [0x0000000080000000,0x0000000085671848,0x00000000d5580000)
 Metaspace       used 92608K, capacity 94004K, committed 94360K, reserved 1130496K
  class space    used 12319K, capacity 12608K, committed 12720K, reserved 1048576K
Event: 16,669 GC heap after
Heap after GC invocations=13 (full 3):
 PSYoungGen      total 582144K, used 92999K [0x00000000d5580000, 0x0000000100000000, 0x0000000100000000)
  eden space 485888K, 0% used [0x00000000d5580000,0x00000000d5580000,0x00000000f3000000)
  from space 96256K, 96% used [0x00000000fa200000,0x00000000ffcd1fe8,0x0000000100000000)
  to   space 106496K, 0% used [0x00000000f3000000,0x00000000f3000000,0x00000000f9800000)
 ParOldGen       total 1398272K, used 88526K [0x0000000080000000, 0x00000000d5580000, 0x00000000d5580000)
  object space 1398272K, 6% used [0x0000000080000000,0x0000000085673848,0x00000000d5580000)
 Metaspace       used 92608K, capacity 94004K, committed 94360K, reserved 1130496K
  class space    used 12319K, capacity 12608K, committed 12720K, reserved 1048576K
}
Event: 17,572 GC heap before
{Heap before GC invocations=14 (full 3):
 PSYoungGen      total 582144K, used 348157K [0x00000000d5580000, 0x0000000100000000, 0x0000000100000000)
  eden space 485888K, 52% used [0x00000000d5580000,0x00000000e4ead520,0x00000000f3000000)
  from space 96256K, 96% used [0x00000000fa200000,0x00000000ffcd1fe8,0x0000000100000000)
  to   space 106496K, 0% used [0x00000000f3000000,0x00000000f3000000,0x00000000f9800000)
 ParOldGen       total 1398272K, used 88526K [0x0000000080000000, 0x00000000d5580000, 0x00000000d5580000)
  object space 1398272K, 6% used [0x0000000080000000,0x0000000085673848,0x00000000d5580000)
 Metaspace       used 96934K, capacity 98326K, committed 98600K, reserved 1134592K
  class space    used 12937K, capacity 13232K, committed 13232K, reserved 1048576K
Event: 17,613 GC heap after
Heap after GC invocations=14 (full 3):
 PSYoungGen      total 592384K, used 67508K [0x00000000d5580000, 0x0000000100000000, 0x0000000100000000)
  eden space 485888K, 0% used [0x00000000d5580000,0x00000000d5580000,0x00000000f3000000)
  from space 106496K, 63% used [0x00000000f3000000,0x00000000f71ed0e0,0x00000000f9800000)
  to   space 104960K, 0% used [0x00000000f9980000,0x00000000f9980000,0x0000000100000000)
 ParOldGen       total 1398272K, used 88534K [0x0000000080000000, 0x00000000d5580000, 0x00000000d5580000)
  object space 1398272K, 6% used [0x0000000080000000,0x0000000085675848,0x00000000d5580000)
 Metaspace       used 96934K, capacity 98326K, committed 98600K, reserved 1134592K
  class space    used 12937K, capacity 13232K, committed 13232K, reserved 1048576K
}
Event: 17,613 GC heap before
{Heap before GC invocations=15 (full 4):
 PSYoungGen      total 592384K, used 67508K [0x00000000d5580000, 0x0000000100000000, 0x0000000100000000)
  eden space 485888K, 0% used [0x00000000d5580000,0x00000000d5580000,0x00000000f3000000)
  from space 106496K, 63% used [0x00000000f3000000,0x00000000f71ed0e0,0x00000000f9800000)
  to   space 104960K, 0% used [0x00000000f9980000,0x00000000f9980000,0x0000000100000000)
 ParOldGen       total 1398272K, used 88534K [0x0000000080000000, 0x00000000d5580000, 0x00000000d5580000)
  object space 1398272K, 6% used [0x0000000080000000,0x0000000085675848,0x00000000d5580000)
 Metaspace       used 96934K, capacity 98326K, committed 98600K, reserved 1134592K
  class space    used 12937K, capacity 13232K, committed 13232K, reserved 1048576K
Event: 17,784 GC heap after
Heap after GC invocations=15 (full 4):
 PSYoungGen      total 592384K, used 0K [0x00000000d5580000, 0x0000000100000000, 0x0000000100000000)
  eden space 485888K, 0% used [0x00000000d5580000,0x00000000d5580000,0x00000000f3000000)
  from space 106496K, 0% used [0x00000000f3000000,0x00000000f3000000,0x00000000f9800000)
  to   space 104960K, 0% used [0x00000000f9980000,0x00000000f9980000,0x0000000100000000)
 ParOldGen       total 1398272K, used 115645K [0x0000000080000000, 0x00000000d5580000, 0x00000000d5580000)
  object space 1398272K, 8% used [0x0000000080000000,0x00000000870ef7c0,0x00000000d5580000)
 Metaspace       used 96934K, capacity 98326K, committed 98600K, reserved 1134592K
  class space    used 12937K, capacity 13232K, committed 13232K, reserved 1048576K
}
Event: 52,411 GC heap before
{Heap before GC invocations=16 (full 4):
 PSYoungGen      total 592384K, used 485888K [0x00000000d5580000, 0x0000000100000000, 0x0000000100000000)
  eden space 485888K, 100% used [0x00000000d5580000,0x00000000f3000000,0x00000000f3000000)
  from space 106496K, 0% used [0x00000000f3000000,0x00000000f3000000,0x00000000f9800000)
  to   space 104960K, 0% used [0x00000000f9980000,0x00000000f9980000,0x0000000100000000)
 ParOldGen       total 1398272K, used 115645K [0x0000000080000000, 0x00000000d5580000, 0x00000000d5580000)
  object space 1398272K, 8% used [0x0000000080000000,0x00000000870ef7c0,0x00000000d5580000)
 Metaspace       used 122984K, capacity 124646K, committed 125336K, reserved 1159168K
  class space    used 15612K, capacity 15976K, committed 16048K, reserved 1048576K
Event: 52,439 GC heap after
Heap after GC invocations=16 (full 4):
 PSYoungGen      total 594944K, used 39201K [0x00000000d5580000, 0x0000000100000000, 0x0000000100000000)
  eden space 489984K, 0% used [0x00000000d5580000,0x00000000d5580000,0x00000000f3400000)
  from space 104960K, 37% used [0x00000000f9980000,0x00000000fbfc85d8,0x0000000100000000)
  to   space 103936K, 0% used [0x00000000f3400000,0x00000000f3400000,0x00000000f9980000)
 ParOldGen       total 1398272K, used 115653K [0x0000000080000000, 0x00000000d5580000, 0x00000000d5580000)
  object space 1398272K, 8% used [0x0000000080000000,0x00000000870f17c0,0x00000000d5580000)
 Metaspace       used 122984K, capacity 124646K, committed 125336K, reserved 1159168K
  class space    used 15612K, capacity 15976K, committed 16048K, reserved 1048576K
}
Event: 62,828 GC heap before
{Heap before GC invocations=17 (full 4):
 PSYoungGen      total 594944K, used 529185K [0x00000000d5580000, 0x0000000100000000, 0x0000000100000000)
  eden space 489984K, 100% used [0x00000000d5580000,0x00000000f3400000,0x00000000f3400000)
  from space 104960K, 37% used [0x00000000f9980000,0x00000000fbfc85d8,0x0000000100000000)
  to   space 103936K, 0% used [0x00000000f3400000,0x00000000f3400000,0x00000000f9980000)
 ParOldGen       total 1398272K, used 115653K [0x0000000080000000, 0x00000000d5580000, 0x00000000d5580000)
  object space 1398272K, 8% used [0x0000000080000000,0x00000000870f17c0,0x00000000d5580000)
 Metaspace       used 131428K, capacity 133604K, committed 133912K, reserved 1167360K
  class space    used 16396K, capacity 16843K, committed 16944K, reserved 1048576K
Event: 62,864 GC heap after
Heap after GC invocations=17 (full 4):
 PSYoungGen      total 593920K, used 35144K [0x00000000d5580000, 0x0000000100000000, 0x0000000100000000)
  eden space 489984K, 0% used [0x00000000d5580000,0x00000000d5580000,0x00000000f3400000)
  from space 103936K, 33% used [0x00000000f3400000,0x00000000f56523f8,0x00000000f9980000)
  to   space 102912K, 0% used [0x00000000f9b80000,0x00000000f9b80000,0x0000000100000000)
 ParOldGen       total 1398272K, used 115661K [0x0000000080000000, 0x00000000d5580000, 0x00000000d5580000)
  object space 1398272K, 8% used [0x0000000080000000,0x00000000870f37c0,0x00000000d5580000)
 Metaspace       used 131428K, capacity 133604K, committed 133912K, reserved 1167360K
  class space    used 16396K, capacity 16843K, committed 16944K, reserved 1048576K
}

